<?xml version="1.0" encoding="UTF-8"?>
<testng-results ignored="0" total="1" passed="1" failed="0" skipped="0">
  <reporter-output>
  </reporter-output>
  <suite started-at="2022-03-01T17:56:55 PST" name="Default suite" finished-at="2022-03-01T17:57:03 PST" duration-ms="7625">
    <groups>
    </groups>
    <test started-at="2022-03-01T17:56:55 PST" name="Default test" finished-at="2022-03-01T17:57:03 PST" duration-ms="7625">
      <class name="Selenium_Files.UI_Sample_DriverManager">
        <test-method signature="testing()[pri:0, instance:Selenium_Files.UI_Sample_DriverManager@53fdffa1]" started-at="2022-03-01T17:56:55 PST" name="testing" finished-at="2022-03-01T17:57:03 PST" duration-ms="7602" status="PASS">
          <reporter-output>
          </reporter-output>
        </test-method> <!-- testing -->
      </class> <!-- Selenium_Files.UI_Sample_DriverManager -->
    </test> <!-- Default test -->
  </suite> <!-- Default suite -->
</testng-results>
