<?xml version="1.0" encoding="UTF-8"?>
<testng-results ignored="0" total="2" passed="2" failed="0" skipped="0">
  <reporter-output>
  </reporter-output>
  <suite started-at="2022-03-02T15:02:25 PST" name="Suite" finished-at="2022-03-02T15:02:33 PST" duration-ms="8011">
    <groups>
      <group name="cucumber">
        <method signature="TestRunner.scenario(io.cucumber.testng.PickleWrapper,io.cucumber.testng.FeatureWrapper)[pri:0, instance:MyRunner.TestRunner@1ffaf86]" name="scenario" class="MyRunner.TestRunner"/>
      </group> <!-- cucumber -->
    </groups>
    <test started-at="2022-03-02T15:02:25 PST" name="Test" finished-at="2022-03-02T15:02:33 PST" duration-ms="8011">
      <class name="MyRunner.TestRunner">
        <test-method is-config="true" signature="setUpClass()[pri:0, instance:MyRunner.TestRunner@1ffaf86]" started-at="2022-03-02T15:02:25 PST" name="setUpClass" finished-at="2022-03-02T15:02:26 PST" duration-ms="1793" status="PASS">
          <reporter-output>
          </reporter-output>
        </test-method> <!-- setUpClass -->
        <test-method signature="scenario(io.cucumber.testng.PickleWrapper,io.cucumber.testng.FeatureWrapper)[pri:0, instance:MyRunner.TestRunner@1ffaf86]" started-at="2022-03-02T15:02:26 PST" name="scenario" description="Runs Cucumber Feature" data-provider="scenarios" finished-at="2022-03-02T15:02:32 PST" duration-ms="5433" status="PASS">
          <params>
            <param index="0">
              <value>
                <![CDATA["Verify Error Message"]]>
              </value>
            </param>
            <param index="1">
              <value>
                <![CDATA["Optional[Your Store Testing Cases]"]]>
              </value>
            </param>
          </params>
          <reporter-output>
          </reporter-output>
        </test-method> <!-- scenario -->
        <test-method signature="scenario(io.cucumber.testng.PickleWrapper,io.cucumber.testng.FeatureWrapper)[pri:0, instance:MyRunner.TestRunner@1ffaf86]" started-at="2022-03-02T15:02:32 PST" name="scenario" description="Runs Cucumber Feature" data-provider="scenarios" finished-at="2022-03-02T15:02:32 PST" duration-ms="46" status="PASS">
          <params>
            <param index="0">
              <value>
                <![CDATA["Verify Side Links"]]>
              </value>
            </param>
            <param index="1">
              <value>
                <![CDATA["Optional[Your Store Testing Cases]"]]>
              </value>
            </param>
          </params>
          <reporter-output>
          </reporter-output>
        </test-method> <!-- scenario -->
        <test-method is-config="true" signature="tearDownClass()[pri:0, instance:MyRunner.TestRunner@1ffaf86]" started-at="2022-03-02T15:02:32 PST" name="tearDownClass" finished-at="2022-03-02T15:02:32 PST" duration-ms="354" status="PASS">
          <reporter-output>
          </reporter-output>
        </test-method> <!-- tearDownClass -->
        <test-method is-config="true" signature="afterTest()[pri:0, instance:MyRunner.TestRunner@1ffaf86]" started-at="2022-03-02T15:02:32 PST" name="afterTest" finished-at="2022-03-02T15:02:33 PST" duration-ms="358" status="PASS">
          <reporter-output>
          </reporter-output>
        </test-method> <!-- afterTest -->
      </class> <!-- MyRunner.TestRunner -->
    </test> <!-- Test -->
  </suite> <!-- Suite -->
</testng-results>
